TMS320C6x Assembler PC v8.1.3 Fri Apr 14 08:40:22 2017

Tools Copyright (c) 1996-2015 Texas Instruments Incorporated
DSPF_sp_vecmul.asm                                                   PAGE    1

       1                    ;******************************************************************************
       2                    ;* G3 TMS320C6x C/C++ Codegen                                       PC v8.1.3 *
       3                    ;* Date/Time created: Fri Apr 14 08:40:22 2017                                *
       4                    ;******************************************************************************
       5                            .compiler_opts --abi=eabi --array_alignment=8 --diag_wrap=off --endian=little --hll_source=on 
       6                    
       7                    ;******************************************************************************
       8                    ;* GLOBAL FILE PARAMETERS                                                     *
       9                    ;*                                                                            *
      10                    ;*   Architecture      : TMS320C674x                                          *
      11                    ;*   Optimization      : Enabled at level 3                                   *
      12                    ;*   Optimizing for    : Speed                                                *
      13                    ;*                       Based on options: -o3, no -ms                        *
      14                    ;*   Endian            : Little                                               *
      15                    ;*   Interrupt Thrshld : Disabled                                             *
      16                    ;*   Data Access Model : Far Aggregate Data                                   *
      17                    ;*   Pipelining        : Enabled                                              *
      18                    ;*   Speculate Loads   : Enabled with threshold = 0                           *
      19                    ;*   Memory Aliases    : Presume are aliases (pessimistic)                    *
      20                    ;*   Debug Info        : DWARF Debug                                          *
      21                    ;*                                                                            *
      22                    ;******************************************************************************
      23                    
      24                            .asg    A15, FP
      25                            .asg    B14, DP
      26                            .asg    B15, SP
      27                            .global $bss
      28                    
      29                    
      30                    $C$DW$CU        .dwtag  DW_TAG_compile_unit
      31                            .dwattr $C$DW$CU, DW_AT_name("C:/ti/dsplib_c674x_3_4_0_0/packages/ti/dsplib/src/DSPF_sp_vecmul
      32                            .dwattr $C$DW$CU, DW_AT_producer("TI G3 TMS320C6x C/C++ Codegen PC v8.1.3 Copyright (c) 1996-2
      33                            .dwattr $C$DW$CU, DW_AT_TI_version(0x01)
      34                            .dwattr $C$DW$CU, DW_AT_comp_dir("C:\Users\Raz Aloni\OneDrive\School\EEL4924\DSP\DSP_Workspace
      35                    
      36                    $C$DW$1 .dwtag  DW_TAG_subprogram
      37                            .dwattr $C$DW$1, DW_AT_name("_nassert")
      38                            .dwattr $C$DW$1, DW_AT_TI_symbol_name("_nassert")
      39                            .dwattr $C$DW$1, DW_AT_declaration
      40                            .dwattr $C$DW$1, DW_AT_external
      41                    $C$DW$2 .dwtag  DW_TAG_formal_parameter
      42                            .dwattr $C$DW$2, DW_AT_type(*$C$DW$T$10)
      43                    
      44                            .dwendtag $C$DW$1
      45                    
      46                    ;       C:\ti\ccsv7\tools\compiler\ti-cgt-c6000_8.1.3\bin\opt6x.exe C:\\Users\\RAZALO~1\\AppData\\Loca
      47 00000000                   .sect   ".text:optimized"
      48                            .clink
      49                            .global DSPF_sp_vecmul
      50                    
      51                    $C$DW$3 .dwtag  DW_TAG_subprogram
      52                            .dwattr $C$DW$3, DW_AT_name("DSPF_sp_vecmul")
      53                            .dwattr $C$DW$3, DW_AT_low_pc(DSPF_sp_vecmul)
      54                            .dwattr $C$DW$3, DW_AT_high_pc(0x00)
      55                            .dwattr $C$DW$3, DW_AT_TI_symbol_name("DSPF_sp_vecmul")
TMS320C6x Assembler PC v8.1.3 Fri Apr 14 08:40:22 2017

Tools Copyright (c) 1996-2015 Texas Instruments Incorporated
DSPF_sp_vecmul.asm                                                   PAGE    2

      56                            .dwattr $C$DW$3, DW_AT_external
      57                            .dwattr $C$DW$3, DW_AT_TI_begin_file("C:/ti/dsplib_c674x_3_4_0_0/packages/ti/dsplib/src/DSPF_s
      58                            .dwattr $C$DW$3, DW_AT_TI_begin_line(0x2c)
      59                            .dwattr $C$DW$3, DW_AT_TI_begin_column(0x06)
      60                            .dwattr $C$DW$3, DW_AT_decl_file("C:/ti/dsplib_c674x_3_4_0_0/packages/ti/dsplib/src/DSPF_sp_ve
      61                            .dwattr $C$DW$3, DW_AT_decl_line(0x2c)
      62                            .dwattr $C$DW$3, DW_AT_decl_column(0x06)
      63                            .dwattr $C$DW$3, DW_AT_TI_max_frame_size(0x00)
      64                            .dwpsn  file "C:/ti/dsplib_c674x_3_4_0_0/packages/ti/dsplib/src/DSPF_sp_vecmul/c674/DSPF_sp_ve
      65                    
      66                            .dwfde $C$DW$CIE, DSPF_sp_vecmul
      67                    $C$DW$4 .dwtag  DW_TAG_formal_parameter
      68                            .dwattr $C$DW$4, DW_AT_name("x1")
      69                            .dwattr $C$DW$4, DW_AT_TI_symbol_name("x1")
      70                            .dwattr $C$DW$4, DW_AT_type(*$C$DW$T$25)
      71                            .dwattr $C$DW$4, DW_AT_location[DW_OP_reg4]
      72                    
      73                    $C$DW$5 .dwtag  DW_TAG_formal_parameter
      74                            .dwattr $C$DW$5, DW_AT_name("x2")
      75                            .dwattr $C$DW$5, DW_AT_TI_symbol_name("x2")
      76                            .dwattr $C$DW$5, DW_AT_type(*$C$DW$T$25)
      77                            .dwattr $C$DW$5, DW_AT_location[DW_OP_reg20]
      78                    
      79                    $C$DW$6 .dwtag  DW_TAG_formal_parameter
      80                            .dwattr $C$DW$6, DW_AT_name("y")
      81                            .dwattr $C$DW$6, DW_AT_TI_symbol_name("y")
      82                            .dwattr $C$DW$6, DW_AT_type(*$C$DW$T$22)
      83                            .dwattr $C$DW$6, DW_AT_location[DW_OP_reg6]
      84                    
      85                    $C$DW$7 .dwtag  DW_TAG_formal_parameter
      86                            .dwattr $C$DW$7, DW_AT_name("nx")
      87                            .dwattr $C$DW$7, DW_AT_TI_symbol_name("nx")
      88                            .dwattr $C$DW$7, DW_AT_type(*$C$DW$T$23)
      89                            .dwattr $C$DW$7, DW_AT_location[DW_OP_reg22]
      90                    
      91                    
      92                    ;******************************************************************************
      93                    ;* FUNCTION NAME: DSPF_sp_vecmul                                              *
      94                    ;*                                                                            *
      95                    ;*   Regs Modified     : A3,A4,A5,A6,A7,A8,A9,A16,A17,B4,B5,B6,B7,B8,B9,B16,  *
      96                    ;*                           B17                                              *
      97                    ;*   Regs Used         : A3,A4,A5,A6,A7,A8,A9,A16,A17,B3,B4,B5,B6,B7,B8,B9,   *
      98                    ;*                           B16,B17                                          *
      99                    ;*   Local Frame Size  : 0 Args + 0 Auto + 0 Save = 0 byte                    *
     100                    ;******************************************************************************
     101                    DSPF_sp_vecmul:
     102                    ;** --------------------------------------------------------------------------*
     103                    $C$DW$8 .dwtag  DW_TAG_variable
     104                            .dwattr $C$DW$8, DW_AT_name("nx")
     105                            .dwattr $C$DW$8, DW_AT_TI_symbol_name("nx")
     106                            .dwattr $C$DW$8, DW_AT_type(*$C$DW$T$23)
     107                            .dwattr $C$DW$8, DW_AT_location[DW_OP_reg22]
     108                    
     109                            .dwcfi  cfa_offset, 0
     110                            .dwpsn  file "C:/ti/dsplib_c674x_3_4_0_0/packages/ti/dsplib/src/DSPF_sp_vecmul/c674/DSPF_sp_ve
TMS320C6x Assembler PC v8.1.3 Fri Apr 14 08:40:22 2017

Tools Copyright (c) 1996-2015 Texas Instruments Incorporated
DSPF_sp_vecmul.asm                                                   PAGE    3

     111 00000000     4f7b             SHR     .S2     B6,2,B7           ; [B_Sb674] |57| 
     112 00000002     dbef             MVC     .S2     B7,ILC            ; [B_Sb674] 
     113                            .dwpsn  file "C:/ti/dsplib_c674x_3_4_0_0/packages/ti/dsplib/src/DSPF_sp_vecmul/c674/DSPF_sp_ve
     114 00000004     7246             MV      .L1X    B4,A3             ; [A_L674] |46| 
     115 00000006     2c6e             NOP             2                 ; [A_L674] 
     116                    ;*----------------------------------------------------------------------------*
     117                    ;*   SOFTWARE PIPELINE INFORMATION
     118                    ;*
     119                    ;*      Loop found in file               : C:/ti/dsplib_c674x_3_4_0_0/packages/ti/dsplib/src/DSPF_sp_v
     120                    ;*      Loop source line                 : 57
     121                    ;*      Loop opening brace source line   : 58
     122                    ;*      Loop closing brace source line   : 58
     123                    ;*      Loop Unroll Multiple             : 4x
     124                    ;*      Known Minimum Trip Count         : 1                    
     125                    ;*      Known Max Trip Count Factor      : 1
     126                    ;*      Loop Carried Dependency Bound(^) : 1
     127                    ;*      Unpartitioned Resource Bound     : 3
     128                    ;*      Partitioned Resource Bound(*)    : 3
     129                    ;*      Resource Partition:
     130                    ;*                                A-side   B-side
     131                    ;*      .L units                     0        0     
     132                    ;*      .S units                     0        0     
     133                    ;*      .D units                     3*       3*    
     134                    ;*      .M units                     2        2     
     135                    ;*      .X cross paths               2        2     
     136                    ;*      .T address paths             3        3     
     137                    ;*      Logical  ops (.LS)           0        0     (.L or .S unit)
     138                    ;*      Addition ops (.LSD)          0        0     (.L or .S or .D unit)
     139                    ;*      Bound(.L .S .LS)             0        0     
     140                    ;*      Bound(.L .S .D .LS .LSD)     1        1     
     141                    ;*
     142                    ;*      Searching for software pipeline schedule at ...
     143                    ;*         ii = 3  Schedule found with 5 iterations in parallel
     144                    ;*      Done
     145                    ;*
     146                    ;*      Loop will be splooped
     147                    ;*      Collapsed epilog stages       : 0
     148                    ;*      Collapsed prolog stages       : 0
     149                    ;*      Minimum required memory pad   : 0 bytes
     150                    ;*
     151                    ;*      Minimum safe trip count       : 1 (after unrolling)
     152                    ;*----------------------------------------------------------------------------*
     153 00000008           $C$L1:    ; PIPED LOOP PROLOG
     154                    
     155 00000008     0d66             SPLOOP          3                 ;15 ; [A_L674] (P) 
     156 0000000a     a256  ||         MV      .D1     A4,A5             ; [A_D64P] 
     157 0000000c     c24f  ||         MV      .S2     B4,B6             ; [B_Sb674] |46| 
     158 0000000e     1641  ||         ADD     .L2X    8,A4,B4           ; [B_L674] 
     159 00000010 020d01a0  ||         ADD     .S1     8,A3,A4           ; [A_S674] 
     160                    
     161                    ;** --------------------------------------------------------------------------*
     162 00000014           $C$L2:    ; PIPED LOOP KERNEL
     163                            .dwpsn  file "C:/ti/dsplib_c674x_3_4_0_0/packages/ti/dsplib/src/DSPF_sp_vecmul/c674/DSPF_sp_ve
     164 00000014 08105764             LDDW    .D1T1   *A4++(16),A17:A16 ; [A_D64P] |58| (P) <0,0>  ^ 
     165                            .dwpsn  file "C:/ti/dsplib_c674x_3_4_0_0/packages/ti/dsplib/src/DSPF_sp_vecmul/c674/DSPF_sp_ve
TMS320C6x Assembler PC v8.1.3 Fri Apr 14 08:40:22 2017

Tools Copyright (c) 1996-2015 Texas Instruments Incorporated
DSPF_sp_vecmul.asm                                                   PAGE    4

     166                    
     167 00000018     2ce7             SPMASK                            ; [] 
     168 0000001a     0730  ||^        ADD     .L1     8,A6,A3           ; [A_L674] 
     169 00000020     b347  ||^        MV      .L2X    A6,B5             ; [B_L674] |46| 
     170 00000022     2cec  ||         LDDW    .D1T1   *A5++(16),A7:A6   ; [A_D64P] |58| (P) <0,1>  ^ 
     171 00000024 041057e6  ||         LDDW    .D2T2   *B4++(16),B9:B8   ; [B_D64P] |58| (P) <0,1>  ^ 
     172                    
     173                            .dwpsn  file "C:/ti/dsplib_c674x_3_4_0_0/packages/ti/dsplib/src/DSPF_sp_vecmul/c674/DSPF_sp_ve
     174 00000028 081857e6             LDDW    .D2T2   *B6++(16),B17:B16 ; [B_D64P] |58| (P) <0,2>  ^ 
     175 0000002c 00004000             NOP             3                 ; [A_L674] 
     176 00000030 04a63e00             MPYSP   .M1X    A17,B9,A9         ; [A_M674] |58| (P) <0,6>  ^ 
     177                    
     178 00000034 089e3e03             MPYSP   .M2X    B17,A7,B17        ; [B_M674] |58| (P) <0,7>  ^ 
     179 00000038 04221e00  ||         MPYSP   .M1X    A16,B8,A8         ; [A_M674] |58| (P) <0,7>  ^ 
     180                    
     181 00000040 081a1e02             MPYSP   .M2X    B16,A6,B16        ; [B_M674] |58| (P) <0,8>  ^ 
     182 00000044 00002000             NOP             2                 ; [A_L674] 
     183 00000048 040c5744             STDW    .D1T1   A9:A8,*A3++(16)   ; [A_D64P] |58| (P) <0,11>  ^ 
     184                    
     185 0000004c 08034001             SPKERNEL        1,0               ; [] 
     186 00000050 081457c6  ||         STDW    .D2T2   B17:B16,*B5++(16) ; [B_D64P] |58| <0,12>  ^ 
     187                    
     188                    ;** --------------------------------------------------------------------------*
     189 00000054           $C$L3:    ; PIPED LOOP EPILOG
     190 00000054 00000000             NOP             1                 ; [A_L674] 
     191                            .dwpsn  file "C:/ti/dsplib_c674x_3_4_0_0/packages/ti/dsplib/src/DSPF_sp_vecmul/c674/DSPF_sp_ve
     192                    $C$DW$9 .dwtag  DW_TAG_TI_branch
     193                            .dwattr $C$DW$9, DW_AT_low_pc(0x00)
     194                            .dwattr $C$DW$9, DW_AT_TI_return
     195                    
     196 00000058 008ca362             RETNOP          B3,5              ; [] |59| 
     197                               ; BRANCH OCCURS {B3}              ; [] |59| 
     198                            .dwattr $C$DW$3, DW_AT_TI_end_file("C:/ti/dsplib_c674x_3_4_0_0/packages/ti/dsplib/src/DSPF_sp_
     199                            .dwattr $C$DW$3, DW_AT_TI_end_line(0x3b)
     200                            .dwattr $C$DW$3, DW_AT_TI_end_column(0x01)
     201                            .dwendentry
     202                            .dwendtag $C$DW$3
     203                    
     204                    
     205                    ;******************************************************************************
     206                    ;* BUILD ATTRIBUTES                                                           *
     207                    ;******************************************************************************
     208                            .battr "TI", Tag_File, 1, Tag_Long_Precision_Bits(2)
     209                            .battr "TI", Tag_File, 1, Tag_Bitfield_layout(2)
     210                            .battr "TI", Tag_File, 1, Tag_ABI_enum_size(3)
     211                            .battr "c6xabi", Tag_File, 1, Tag_ABI_wchar_t(1)
     212                            .battr "c6xabi", Tag_File, 1, Tag_ABI_array_object_alignment(0)
     213                            .battr "c6xabi", Tag_File, 1, Tag_ABI_array_object_align_expected(0)
     214                            .battr "c6xabi", Tag_File, 1, Tag_ABI_PIC(0)
     215                            .battr "c6xabi", Tag_File, 1, Tag_ABI_PID(0)
     216                            .battr "c6xabi", Tag_File, 1, Tag_ABI_DSBT(0)
     217                            .battr "c6xabi", Tag_File, 1, Tag_ABI_stack_align_needed(0)
     218                            .battr "c6xabi", Tag_File, 1, Tag_ABI_stack_align_preserved(0)
     219                            .battr "TI", Tag_File, 1, Tag_Tramps_Use_SOC(1)
     220                    
TMS320C6x Assembler PC v8.1.3 Fri Apr 14 08:40:22 2017

Tools Copyright (c) 1996-2015 Texas Instruments Incorporated
DSPF_sp_vecmul.asm                                                   PAGE    5

     221                    ;******************************************************************************
     222                    ;* TYPE INFORMATION                                                           *
     223                    ;******************************************************************************
     224                    $C$DW$T$2       .dwtag  DW_TAG_unspecified_type
     225                            .dwattr $C$DW$T$2, DW_AT_name("void")
     226                    
     227                    $C$DW$T$4       .dwtag  DW_TAG_base_type
     228                            .dwattr $C$DW$T$4, DW_AT_encoding(DW_ATE_boolean)
     229                            .dwattr $C$DW$T$4, DW_AT_name("bool")
     230                            .dwattr $C$DW$T$4, DW_AT_byte_size(0x01)
     231                    
     232                    $C$DW$T$5       .dwtag  DW_TAG_base_type
     233                            .dwattr $C$DW$T$5, DW_AT_encoding(DW_ATE_signed_char)
     234                            .dwattr $C$DW$T$5, DW_AT_name("signed char")
     235                            .dwattr $C$DW$T$5, DW_AT_byte_size(0x01)
     236                    
     237                    $C$DW$T$6       .dwtag  DW_TAG_base_type
     238                            .dwattr $C$DW$T$6, DW_AT_encoding(DW_ATE_unsigned_char)
     239                            .dwattr $C$DW$T$6, DW_AT_name("unsigned char")
     240                            .dwattr $C$DW$T$6, DW_AT_byte_size(0x01)
     241                    
     242                    $C$DW$T$7       .dwtag  DW_TAG_base_type
     243                            .dwattr $C$DW$T$7, DW_AT_encoding(DW_ATE_signed_char)
     244                            .dwattr $C$DW$T$7, DW_AT_name("wchar_t")
     245                            .dwattr $C$DW$T$7, DW_AT_byte_size(0x02)
     246                    
     247                    $C$DW$T$8       .dwtag  DW_TAG_base_type
     248                            .dwattr $C$DW$T$8, DW_AT_encoding(DW_ATE_signed)
     249                            .dwattr $C$DW$T$8, DW_AT_name("short")
     250                            .dwattr $C$DW$T$8, DW_AT_byte_size(0x02)
     251                    
     252                    $C$DW$T$9       .dwtag  DW_TAG_base_type
     253                            .dwattr $C$DW$T$9, DW_AT_encoding(DW_ATE_unsigned)
     254                            .dwattr $C$DW$T$9, DW_AT_name("unsigned short")
     255                            .dwattr $C$DW$T$9, DW_AT_byte_size(0x02)
     256                    
     257                    $C$DW$T$10      .dwtag  DW_TAG_base_type
     258                            .dwattr $C$DW$T$10, DW_AT_encoding(DW_ATE_signed)
     259                            .dwattr $C$DW$T$10, DW_AT_name("int")
     260                            .dwattr $C$DW$T$10, DW_AT_byte_size(0x04)
     261                    
     262                    $C$DW$T$23      .dwtag  DW_TAG_const_type
     263                            .dwattr $C$DW$T$23, DW_AT_type(*$C$DW$T$10)
     264                    
     265                    $C$DW$T$11      .dwtag  DW_TAG_base_type
     266                            .dwattr $C$DW$T$11, DW_AT_encoding(DW_ATE_unsigned)
     267                            .dwattr $C$DW$T$11, DW_AT_name("unsigned int")
     268                            .dwattr $C$DW$T$11, DW_AT_byte_size(0x04)
     269                    
     270                    $C$DW$T$12      .dwtag  DW_TAG_base_type
     271                            .dwattr $C$DW$T$12, DW_AT_encoding(DW_ATE_signed)
     272                            .dwattr $C$DW$T$12, DW_AT_name("__int40_t")
     273                            .dwattr $C$DW$T$12, DW_AT_byte_size(0x08)
     274                            .dwattr $C$DW$T$12, DW_AT_bit_size(0x28)
     275                            .dwattr $C$DW$T$12, DW_AT_bit_offset(0x18)
TMS320C6x Assembler PC v8.1.3 Fri Apr 14 08:40:22 2017

Tools Copyright (c) 1996-2015 Texas Instruments Incorporated
DSPF_sp_vecmul.asm                                                   PAGE    6

     276                    
     277                    $C$DW$T$13      .dwtag  DW_TAG_base_type
     278                            .dwattr $C$DW$T$13, DW_AT_encoding(DW_ATE_unsigned)
     279                            .dwattr $C$DW$T$13, DW_AT_name("unsigned __int40_t")
     280                            .dwattr $C$DW$T$13, DW_AT_byte_size(0x08)
     281                            .dwattr $C$DW$T$13, DW_AT_bit_size(0x28)
     282                            .dwattr $C$DW$T$13, DW_AT_bit_offset(0x18)
     283                    
     284                    $C$DW$T$14      .dwtag  DW_TAG_base_type
     285                            .dwattr $C$DW$T$14, DW_AT_encoding(DW_ATE_signed)
     286                            .dwattr $C$DW$T$14, DW_AT_name("long long")
     287                            .dwattr $C$DW$T$14, DW_AT_byte_size(0x08)
     288                    
     289                    $C$DW$T$15      .dwtag  DW_TAG_base_type
     290                            .dwattr $C$DW$T$15, DW_AT_encoding(DW_ATE_unsigned)
     291                            .dwattr $C$DW$T$15, DW_AT_name("unsigned long long")
     292                            .dwattr $C$DW$T$15, DW_AT_byte_size(0x08)
     293                    
     294                    $C$DW$T$16      .dwtag  DW_TAG_base_type
     295                            .dwattr $C$DW$T$16, DW_AT_encoding(DW_ATE_float)
     296                            .dwattr $C$DW$T$16, DW_AT_name("float")
     297                            .dwattr $C$DW$T$16, DW_AT_byte_size(0x04)
     298                    
     299                    $C$DW$T$20      .dwtag  DW_TAG_const_type
     300                            .dwattr $C$DW$T$20, DW_AT_type(*$C$DW$T$16)
     301                    
     302                    $C$DW$T$21      .dwtag  DW_TAG_pointer_type
     303                            .dwattr $C$DW$T$21, DW_AT_type(*$C$DW$T$20)
     304                            .dwattr $C$DW$T$21, DW_AT_address_class(0x20)
     305                    
     306                    $C$DW$T$25      .dwtag  DW_TAG_restrict_type
     307                            .dwattr $C$DW$T$25, DW_AT_type(*$C$DW$T$21)
     308                    
     309                    $C$DW$T$22      .dwtag  DW_TAG_pointer_type
     310                            .dwattr $C$DW$T$22, DW_AT_type(*$C$DW$T$16)
     311                            .dwattr $C$DW$T$22, DW_AT_address_class(0x20)
     312                    
     313                    $C$DW$T$17      .dwtag  DW_TAG_base_type
     314                            .dwattr $C$DW$T$17, DW_AT_encoding(DW_ATE_float)
     315                            .dwattr $C$DW$T$17, DW_AT_name("double")
     316                            .dwattr $C$DW$T$17, DW_AT_byte_size(0x08)
     317                    
     318                    $C$DW$T$18      .dwtag  DW_TAG_base_type
     319                            .dwattr $C$DW$T$18, DW_AT_encoding(DW_ATE_float)
     320                            .dwattr $C$DW$T$18, DW_AT_name("long double")
     321                            .dwattr $C$DW$T$18, DW_AT_byte_size(0x08)
     322                    
     323                    
     324                    $C$DW$T$43      .dwtag  DW_TAG_array_type
     325                            .dwattr $C$DW$T$43, DW_AT_type(*$C$DW$T$5)
     326                            .dwattr $C$DW$T$43, DW_AT_byte_size(0x02)
     327                    $C$DW$10        .dwtag  DW_TAG_subrange_type
     328                            .dwattr $C$DW$10, DW_AT_upper_bound(0x01)
     329                    
     330                            .dwendtag $C$DW$T$43
TMS320C6x Assembler PC v8.1.3 Fri Apr 14 08:40:22 2017

Tools Copyright (c) 1996-2015 Texas Instruments Incorporated
DSPF_sp_vecmul.asm                                                   PAGE    7

     331                    
     332                    
     333                    $C$DW$T$44      .dwtag  DW_TAG_array_type
     334                            .dwattr $C$DW$T$44, DW_AT_type(*$C$DW$T$8)
     335                            .dwattr $C$DW$T$44, DW_AT_byte_size(0x04)
     336                    $C$DW$11        .dwtag  DW_TAG_subrange_type
     337                            .dwattr $C$DW$11, DW_AT_upper_bound(0x01)
     338                    
     339                            .dwendtag $C$DW$T$44
     340                    
     341                    
     342                    $C$DW$T$45      .dwtag  DW_TAG_array_type
     343                            .dwattr $C$DW$T$45, DW_AT_type(*$C$DW$T$10)
     344                            .dwattr $C$DW$T$45, DW_AT_byte_size(0x08)
     345                    $C$DW$12        .dwtag  DW_TAG_subrange_type
     346                            .dwattr $C$DW$12, DW_AT_upper_bound(0x01)
     347                    
     348                            .dwendtag $C$DW$T$45
     349                    
     350                    
     351                    $C$DW$T$46      .dwtag  DW_TAG_array_type
     352                            .dwattr $C$DW$T$46, DW_AT_type(*$C$DW$T$12)
     353                            .dwattr $C$DW$T$46, DW_AT_byte_size(0x0a)
     354                    $C$DW$13        .dwtag  DW_TAG_subrange_type
     355                            .dwattr $C$DW$13, DW_AT_upper_bound(0x01)
     356                    
     357                            .dwendtag $C$DW$T$46
     358                    
     359                    
     360                    $C$DW$T$47      .dwtag  DW_TAG_array_type
     361                            .dwattr $C$DW$T$47, DW_AT_type(*$C$DW$T$14)
     362                            .dwattr $C$DW$T$47, DW_AT_byte_size(0x10)
     363                    $C$DW$14        .dwtag  DW_TAG_subrange_type
     364                            .dwattr $C$DW$14, DW_AT_upper_bound(0x01)
     365                    
     366                            .dwendtag $C$DW$T$47
     367                    
     368                    
     369                    $C$DW$T$48      .dwtag  DW_TAG_array_type
     370                            .dwattr $C$DW$T$48, DW_AT_type(*$C$DW$T$16)
     371                            .dwattr $C$DW$T$48, DW_AT_byte_size(0x08)
     372                    $C$DW$15        .dwtag  DW_TAG_subrange_type
     373                            .dwattr $C$DW$15, DW_AT_upper_bound(0x01)
     374                    
     375                            .dwendtag $C$DW$T$48
     376                    
     377                    
     378                    $C$DW$T$49      .dwtag  DW_TAG_array_type
     379                            .dwattr $C$DW$T$49, DW_AT_type(*$C$DW$T$17)
     380                            .dwattr $C$DW$T$49, DW_AT_byte_size(0x10)
     381                    $C$DW$16        .dwtag  DW_TAG_subrange_type
     382                            .dwattr $C$DW$16, DW_AT_upper_bound(0x01)
     383                    
     384                            .dwendtag $C$DW$T$49
     385                    
TMS320C6x Assembler PC v8.1.3 Fri Apr 14 08:40:22 2017

Tools Copyright (c) 1996-2015 Texas Instruments Incorporated
DSPF_sp_vecmul.asm                                                   PAGE    8

     386                            .dwattr $C$DW$CU, DW_AT_language(DW_LANG_C)
     387                    
     388                    ;***************************************************************
     389                    ;* DWARF CIE ENTRIES                                           *
     390                    ;***************************************************************
     391                    
     392                    $C$DW$CIE       .dwcie 19
     393                            .dwcfi  cfa_register, 31
     394                            .dwcfi  cfa_offset, 0
     395                            .dwcfi  undefined, 0
     396                            .dwcfi  undefined, 1
     397                            .dwcfi  undefined, 2
     398                            .dwcfi  undefined, 3
     399                            .dwcfi  undefined, 4
     400                            .dwcfi  undefined, 5
     401                            .dwcfi  undefined, 6
     402                            .dwcfi  undefined, 7
     403                            .dwcfi  undefined, 8
     404                            .dwcfi  undefined, 9
     405                            .dwcfi  same_value, 10
     406                            .dwcfi  same_value, 11
     407                            .dwcfi  same_value, 12
     408                            .dwcfi  same_value, 13
     409                            .dwcfi  same_value, 14
     410                            .dwcfi  same_value, 15
     411                            .dwcfi  undefined, 32
     412                            .dwcfi  undefined, 37
     413                            .dwcfi  undefined, 38
     414                            .dwcfi  undefined, 39
     415                            .dwcfi  undefined, 40
     416                            .dwcfi  undefined, 41
     417                            .dwcfi  undefined, 42
     418                            .dwcfi  undefined, 43
     419                            .dwcfi  undefined, 44
     420                            .dwcfi  undefined, 45
     421                            .dwcfi  undefined, 46
     422                            .dwcfi  undefined, 47
     423                            .dwcfi  undefined, 48
     424                            .dwcfi  undefined, 49
     425                            .dwcfi  undefined, 50
     426                            .dwcfi  undefined, 51
     427                            .dwcfi  undefined, 52
     428                            .dwcfi  undefined, 16
     429                            .dwcfi  undefined, 17
     430                            .dwcfi  undefined, 18
     431                            .dwcfi  undefined, 19
     432                            .dwcfi  undefined, 20
     433                            .dwcfi  undefined, 21
     434                            .dwcfi  undefined, 22
     435                            .dwcfi  undefined, 23
     436                            .dwcfi  undefined, 24
     437                            .dwcfi  undefined, 25
     438                            .dwcfi  same_value, 26
     439                            .dwcfi  same_value, 27
     440                            .dwcfi  same_value, 28
TMS320C6x Assembler PC v8.1.3 Fri Apr 14 08:40:22 2017

Tools Copyright (c) 1996-2015 Texas Instruments Incorporated
DSPF_sp_vecmul.asm                                                   PAGE    9

     441                            .dwcfi  same_value, 29
     442                            .dwcfi  same_value, 30
     443                            .dwcfi  same_value, 31
     444                            .dwcfi  undefined, 53
     445                            .dwcfi  undefined, 54
     446                            .dwcfi  undefined, 55
     447                            .dwcfi  undefined, 56
     448                            .dwcfi  undefined, 57
     449                            .dwcfi  undefined, 58
     450                            .dwcfi  undefined, 59
     451                            .dwcfi  undefined, 60
     452                            .dwcfi  undefined, 61
     453                            .dwcfi  undefined, 62
     454                            .dwcfi  undefined, 63
     455                            .dwcfi  undefined, 64
     456                            .dwcfi  undefined, 65
     457                            .dwcfi  undefined, 66
     458                            .dwcfi  undefined, 67
     459                            .dwcfi  undefined, 68
     460                            .dwcfi  undefined, 33
     461                            .dwcfi  undefined, 34
     462                            .dwcfi  undefined, 35
     463                            .dwcfi  undefined, 36
     464                            .dwcfi  undefined, 70
     465                            .dwcfi  undefined, 70
     466                            .dwcfi  undefined, 91
     467                            .dwcfi  undefined, 70
     468                            .dwcfi  undefined, 69
     469                            .dwcfi  undefined, 71
     470                            .dwcfi  undefined, 72
     471                            .dwcfi  undefined, 73
     472                            .dwcfi  undefined, 74
     473                            .dwcfi  undefined, 75
     474                            .dwcfi  undefined, 76
     475                            .dwcfi  undefined, 77
     476                            .dwcfi  undefined, 78
     477                            .dwcfi  undefined, 79
     478                            .dwcfi  undefined, 80
     479                            .dwcfi  undefined, 81
     480                            .dwcfi  undefined, 82
     481                            .dwcfi  undefined, 83
     482                            .dwcfi  undefined, 84
     483                            .dwcfi  undefined, 85
     484                            .dwcfi  undefined, 86
     485                            .dwcfi  undefined, 87
     486                            .dwcfi  undefined, 88
     487                            .dwcfi  undefined, 89
     488                            .dwcfi  undefined, 90
     489                            .dwcfi  undefined, 92
     490                            .dwcfi  undefined, 93
     491                            .dwcfi  undefined, 94
     492                            .dwcfi  undefined, 95
     493                            .dwcfi  undefined, 96
     494                            .dwcfi  undefined, 97
     495                            .dwcfi  undefined, 98
TMS320C6x Assembler PC v8.1.3 Fri Apr 14 08:40:22 2017

Tools Copyright (c) 1996-2015 Texas Instruments Incorporated
DSPF_sp_vecmul.asm                                                   PAGE   10

     496                            .dwcfi  undefined, 99
     497                            .dwcfi  undefined, 100
     498                            .dwcfi  undefined, 101
     499                            .dwcfi  undefined, 102
     500                            .dwcfi  undefined, 103
     501                            .dwcfi  undefined, 104
     502                            .dwcfi  undefined, 105
     503                            .dwcfi  undefined, 106
     504                            .dwcfi  undefined, 107
     505                            .dwcfi  undefined, 108
     506                            .dwcfi  undefined, 109
     507                            .dwcfi  undefined, 110
     508                            .dwcfi  undefined, 111
     509                            .dwcfi  undefined, 112
     510                            .dwcfi  undefined, 113
     511                            .dwcfi  undefined, 114
     512                            .dwcfi  undefined, 115
     513                            .dwcfi  undefined, 116
     514                            .dwcfi  undefined, 117
     515                            .dwcfi  undefined, 118
     516                            .dwcfi  undefined, 119
     517                            .dwcfi  undefined, 120
     518                            .dwcfi  undefined, 121
     519                            .dwcfi  undefined, 122
     520                            .dwcfi  undefined, 123
     521                            .dwcfi  undefined, 124
     522                            .dwcfi  undefined, 125
     523                            .dwcfi  undefined, 126
     524                            .dwcfi  undefined, 127
     525                            .dwendentry
     526                            .dwendtag $C$DW$CU
     527                    

No Assembly Errors, No Assembly Warnings
